<?xml version="1.0" encoding="UTF-8"?>
<!-- Generated by org.testng.reporters.JUnitXMLReporter -->
<testsuite hostname="DESKTOP-U822VNM" ignored="0" name="Default test" tests="4" failures="0" timestamp="03 Jun 2018 01:30:25 GMT" time="30.948" errors="0">
  <testcase name="loginAndLogout" time="2.094" classname="testcases.TC002_LoginForFailure"/>
  <testcase name="loginAndLogout" time="2.025" classname="testcases.TC002_LoginForFailure"/>
  <testcase name="loginAndLogout" time="2.077" classname="testcases.TC002_LoginForFailure"/>
  <testcase name="loginAndLogout" time="2.098" classname="testcases.TC002_LoginForFailure"/>
</testsuite> <!-- Default test -->
