<?xml version="1.0" encoding="UTF-8"?>
<testng-results skipped="0" failed="0" ignored="0" total="4" passed="4">
  <reporter-output>
  </reporter-output>
  <suite name="Default suite" duration-ms="30948" started-at="2018-06-03T01:29:54Z" finished-at="2018-06-03T01:30:25Z">
    <groups>
    </groups>
    <test name="Default test" duration-ms="30948" started-at="2018-06-03T01:29:54Z" finished-at="2018-06-03T01:30:25Z">
      <class name="testcases.TC002_LoginForFailure">
        <test-method status="PASS" signature="beforeSuite()[pri:0, instance:testcases.TC002_LoginForFailure@3327bd23]" name="beforeSuite" is-config="true" duration-ms="324" started-at="2018-06-03T01:29:53Z" finished-at="2018-06-03T01:29:54Z">
          <reporter-output>
          </reporter-output>
        </test-method> <!-- beforeSuite -->
        <test-method status="PASS" signature="setData()[pri:0, instance:testcases.TC002_LoginForFailure@3327bd23]" name="setData" is-config="true" duration-ms="1" started-at="2018-06-03T01:29:54Z" finished-at="2018-06-03T01:29:54Z">
          <reporter-output>
          </reporter-output>
        </test-method> <!-- setData -->
        <test-method status="PASS" signature="beforeClass()[pri:0, instance:testcases.TC002_LoginForFailure@3327bd23]" name="beforeClass" is-config="true" duration-ms="1" started-at="2018-06-03T01:29:54Z" finished-at="2018-06-03T01:29:54Z">
          <reporter-output>
          </reporter-output>
        </test-method> <!-- beforeClass -->
        <test-method status="PASS" signature="beforeMethod()[pri:0, instance:testcases.TC002_LoginForFailure@3327bd23]" name="beforeMethod" is-config="true" duration-ms="5452" started-at="2018-06-03T01:29:54Z" finished-at="2018-06-03T01:30:00Z">
          <reporter-output>
          </reporter-output>
        </test-method> <!-- beforeMethod -->
        <test-method status="PASS" signature="loginAndLogout(java.lang.String, java.lang.String, java.lang.String)[pri:0, instance:testcases.TC002_LoginForFailure@3327bd23]" name="loginAndLogout" duration-ms="2094" started-at="2018-06-03T01:30:00Z" data-provider="fetchData" finished-at="2018-06-03T01:30:02Z">
          <params>
            <param index="0">
              <value>
                <![CDATA[DemoSalesManager]]>
              </value>
            </param>
            <param index="1">
              <value>
                <![CDATA[]]>
              </value>
            </param>
            <param index="2">
              <value>
                <![CDATA[password was empty reenter]]>
              </value>
            </param>
          </params>
          <reporter-output>
          </reporter-output>
        </test-method> <!-- loginAndLogout -->
        <test-method status="PASS" signature="afterMethod()[pri:0, instance:testcases.TC002_LoginForFailure@3327bd23]" name="afterMethod" is-config="true" duration-ms="691" started-at="2018-06-03T01:30:02Z" finished-at="2018-06-03T01:30:02Z">
          <reporter-output>
          </reporter-output>
        </test-method> <!-- afterMethod -->
        <test-method status="PASS" signature="beforeMethod()[pri:0, instance:testcases.TC002_LoginForFailure@3327bd23]" name="beforeMethod" is-config="true" duration-ms="4832" started-at="2018-06-03T01:30:02Z" finished-at="2018-06-03T01:30:07Z">
          <reporter-output>
          </reporter-output>
        </test-method> <!-- beforeMethod -->
        <test-method status="PASS" signature="loginAndLogout(java.lang.String, java.lang.String, java.lang.String)[pri:0, instance:testcases.TC002_LoginForFailure@3327bd23]" name="loginAndLogout" duration-ms="2025" started-at="2018-06-03T01:30:07Z" data-provider="fetchData" finished-at="2018-06-03T01:30:09Z">
          <params>
            <param index="0">
              <value>
                <![CDATA[]]>
              </value>
            </param>
            <param index="1">
              <value>
                <![CDATA[crmsfa]]>
              </value>
            </param>
            <param index="2">
              <value>
                <![CDATA[username was empty reenter]]>
              </value>
            </param>
          </params>
          <reporter-output>
          </reporter-output>
        </test-method> <!-- loginAndLogout -->
        <test-method status="PASS" signature="afterMethod()[pri:0, instance:testcases.TC002_LoginForFailure@3327bd23]" name="afterMethod" is-config="true" duration-ms="713" started-at="2018-06-03T01:30:09Z" finished-at="2018-06-03T01:30:10Z">
          <reporter-output>
          </reporter-output>
        </test-method> <!-- afterMethod -->
        <test-method status="PASS" signature="beforeMethod()[pri:0, instance:testcases.TC002_LoginForFailure@3327bd23]" name="beforeMethod" is-config="true" duration-ms="4934" started-at="2018-06-03T01:30:10Z" finished-at="2018-06-03T01:30:15Z">
          <reporter-output>
          </reporter-output>
        </test-method> <!-- beforeMethod -->
        <test-method status="PASS" signature="loginAndLogout(java.lang.String, java.lang.String, java.lang.String)[pri:0, instance:testcases.TC002_LoginForFailure@3327bd23]" name="loginAndLogout" duration-ms="2077" started-at="2018-06-03T01:30:15Z" data-provider="fetchData" finished-at="2018-06-03T01:30:17Z">
          <params>
            <param index="0">
              <value>
                <![CDATA[DemoSalesManager1]]>
              </value>
            </param>
            <param index="1">
              <value>
                <![CDATA[crmsfa]]>
              </value>
            </param>
            <param index="2">
              <value>
                <![CDATA[User not found.]]>
              </value>
            </param>
          </params>
          <reporter-output>
          </reporter-output>
        </test-method> <!-- loginAndLogout -->
        <test-method status="PASS" signature="afterMethod()[pri:0, instance:testcases.TC002_LoginForFailure@3327bd23]" name="afterMethod" is-config="true" duration-ms="681" started-at="2018-06-03T01:30:17Z" finished-at="2018-06-03T01:30:18Z">
          <reporter-output>
          </reporter-output>
        </test-method> <!-- afterMethod -->
        <test-method status="PASS" signature="beforeMethod()[pri:0, instance:testcases.TC002_LoginForFailure@3327bd23]" name="beforeMethod" is-config="true" duration-ms="4139" started-at="2018-06-03T01:30:18Z" finished-at="2018-06-03T01:30:22Z">
          <reporter-output>
          </reporter-output>
        </test-method> <!-- beforeMethod -->
        <test-method status="PASS" signature="loginAndLogout(java.lang.String, java.lang.String, java.lang.String)[pri:0, instance:testcases.TC002_LoginForFailure@3327bd23]" name="loginAndLogout" duration-ms="2098" started-at="2018-06-03T01:30:22Z" data-provider="fetchData" finished-at="2018-06-03T01:30:24Z">
          <params>
            <param index="0">
              <value>
                <![CDATA[DemoSalesManager]]>
              </value>
            </param>
            <param index="1">
              <value>
                <![CDATA[crmsfa1]]>
              </value>
            </param>
            <param index="2">
              <value>
                <![CDATA[Password incorrect.]]>
              </value>
            </param>
          </params>
          <reporter-output>
          </reporter-output>
        </test-method> <!-- loginAndLogout -->
        <test-method status="PASS" signature="afterMethod()[pri:0, instance:testcases.TC002_LoginForFailure@3327bd23]" name="afterMethod" is-config="true" duration-ms="700" started-at="2018-06-03T01:30:24Z" finished-at="2018-06-03T01:30:25Z">
          <reporter-output>
          </reporter-output>
        </test-method> <!-- afterMethod -->
        <test-method status="PASS" signature="afterTest()[pri:0, instance:testcases.TC002_LoginForFailure@3327bd23]" name="afterTest" is-config="true" duration-ms="0" started-at="2018-06-03T01:30:25Z" finished-at="2018-06-03T01:30:25Z">
          <reporter-output>
          </reporter-output>
        </test-method> <!-- afterTest -->
        <test-method status="PASS" signature="afterSuite()[pri:0, instance:testcases.TC002_LoginForFailure@3327bd23]" name="afterSuite" is-config="true" duration-ms="362" started-at="2018-06-03T01:30:25Z" finished-at="2018-06-03T01:30:25Z">
          <reporter-output>
          </reporter-output>
        </test-method> <!-- afterSuite -->
      </class> <!-- testcases.TC002_LoginForFailure -->
    </test> <!-- Default test -->
  </suite> <!-- Default suite -->
</testng-results>
